<?xml version="1.0" encoding="UTF-8"?>
<!-- Generated by org.testng.reporters.JUnitXMLReporter -->
<testsuite ignored="0" hostname="LAPTOP-E3JH74CN" failures="0" tests="12" name="Demo1" time="0.073" errors="0" timestamp="2021-06-01T06:43:56 IST">
  <testcase classname="com.qa.test.CheckOperationsTest" name="divide" time="0.007"/>
  <testcase classname="com.qa.test.CheckOperationsTest" name="multi" time="0.0"/>
  <testcase classname="com.qa.test.CheckOperationsTest" name="substract" time="0.0"/>
  <testcase classname="com.qa.test.CheckOperationsTest" name="sum" time="0.0"/>
  <testcase classname="com.qa.test.CheckOperationTest1" name="divide" time="0.0"/>
  <testcase classname="com.qa.test.CheckOperationTest1" name="multi" time="0.002"/>
  <testcase classname="com.qa.test.CheckOperationTest1" name="substract" time="0.001"/>
  <testcase classname="com.qa.test.CheckOperationTest1" name="sum" time="0.001"/>
  <testcase classname="com.qa.test.CheckOperationTest2" name="divide" time="0.001"/>
  <testcase classname="com.qa.test.CheckOperationTest2" name="multi" time="0.0"/>
  <testcase classname="com.qa.test.CheckOperationTest2" name="substract" time="0.001"/>
  <testcase classname="com.qa.test.CheckOperationTest2" name="sum" time="0.0"/>
</testsuite> <!-- Demo1 -->
