<?xml version="1.0" encoding="UTF-8"?>
<testng-results ignored="0" total="12" passed="12" failed="0" skipped="0">
  <reporter-output>
  </reporter-output>
  <suite started-at="2021-06-01T06:43:56 IST" name="SuiteDemoProject" finished-at="2021-06-01T06:43:56 IST" duration-ms="73">
    <groups>
    </groups>
    <test started-at="2021-06-01T06:43:56 IST" name="Demo1" finished-at="2021-06-01T06:43:56 IST" duration-ms="73">
      <class name="com.qa.test.CheckOperationsTest">
        <test-method signature="divide()[pri:0, instance:com.qa.test.CheckOperationsTest@72cde7cc]" started-at="2021-06-01T06:43:56 IST" name="divide" finished-at="2021-06-01T06:43:56 IST" duration-ms="7" status="PASS">
          <reporter-output>
          </reporter-output>
        </test-method> <!-- divide -->
        <test-method signature="multi()[pri:0, instance:com.qa.test.CheckOperationsTest@72cde7cc]" started-at="2021-06-01T06:43:56 IST" name="multi" finished-at="2021-06-01T06:43:56 IST" duration-ms="0" status="PASS">
          <reporter-output>
          </reporter-output>
        </test-method> <!-- multi -->
        <test-method signature="substract()[pri:0, instance:com.qa.test.CheckOperationsTest@72cde7cc]" started-at="2021-06-01T06:43:56 IST" name="substract" finished-at="2021-06-01T06:43:56 IST" duration-ms="0" status="PASS">
          <reporter-output>
          </reporter-output>
        </test-method> <!-- substract -->
        <test-method signature="sum()[pri:0, instance:com.qa.test.CheckOperationsTest@72cde7cc]" started-at="2021-06-01T06:43:56 IST" name="sum" finished-at="2021-06-01T06:43:56 IST" duration-ms="0" status="PASS">
          <reporter-output>
          </reporter-output>
        </test-method> <!-- sum -->
      </class> <!-- com.qa.test.CheckOperationsTest -->
      <class name="com.qa.test.CheckOperationTest1">
        <test-method signature="divide()[pri:0, instance:com.qa.test.CheckOperationTest1@a2431d0]" started-at="2021-06-01T06:43:56 IST" name="divide" finished-at="2021-06-01T06:43:56 IST" duration-ms="0" status="PASS">
          <reporter-output>
          </reporter-output>
        </test-method> <!-- divide -->
        <test-method signature="multi()[pri:0, instance:com.qa.test.CheckOperationTest1@a2431d0]" started-at="2021-06-01T06:43:56 IST" name="multi" finished-at="2021-06-01T06:43:56 IST" duration-ms="2" status="PASS">
          <reporter-output>
          </reporter-output>
        </test-method> <!-- multi -->
        <test-method signature="substract()[pri:0, instance:com.qa.test.CheckOperationTest1@a2431d0]" started-at="2021-06-01T06:43:56 IST" name="substract" finished-at="2021-06-01T06:43:56 IST" duration-ms="1" status="PASS">
          <reporter-output>
          </reporter-output>
        </test-method> <!-- substract -->
        <test-method signature="sum()[pri:0, instance:com.qa.test.CheckOperationTest1@a2431d0]" started-at="2021-06-01T06:43:56 IST" name="sum" finished-at="2021-06-01T06:43:56 IST" duration-ms="1" status="PASS">
          <reporter-output>
          </reporter-output>
        </test-method> <!-- sum -->
      </class> <!-- com.qa.test.CheckOperationTest1 -->
      <class name="com.qa.test.CheckOperationTest2">
        <test-method signature="divide()[pri:0, instance:com.qa.test.CheckOperationTest2@1cbb87f3]" started-at="2021-06-01T06:43:56 IST" name="divide" finished-at="2021-06-01T06:43:56 IST" duration-ms="1" status="PASS">
          <reporter-output>
          </reporter-output>
        </test-method> <!-- divide -->
        <test-method signature="substract()[pri:0, instance:com.qa.test.CheckOperationTest2@1cbb87f3]" started-at="2021-06-01T06:43:56 IST" name="substract" finished-at="2021-06-01T06:43:56 IST" duration-ms="1" status="PASS">
          <reporter-output>
          </reporter-output>
        </test-method> <!-- substract -->
        <test-method signature="multi()[pri:0, instance:com.qa.test.CheckOperationTest2@1cbb87f3]" started-at="2021-06-01T06:43:56 IST" name="multi" finished-at="2021-06-01T06:43:56 IST" duration-ms="0" status="PASS">
          <reporter-output>
          </reporter-output>
        </test-method> <!-- multi -->
        <test-method signature="sum()[pri:0, instance:com.qa.test.CheckOperationTest2@1cbb87f3]" started-at="2021-06-01T06:43:56 IST" name="sum" finished-at="2021-06-01T06:43:56 IST" duration-ms="0" status="PASS">
          <reporter-output>
          </reporter-output>
        </test-method> <!-- sum -->
      </class> <!-- com.qa.test.CheckOperationTest2 -->
    </test> <!-- Demo1 -->
  </suite> <!-- SuiteDemoProject -->
</testng-results>
