<?xml version="1.0" encoding="UTF-8"?>
<testsuite xmlns:xsi="http://www.w3.org/2001/XMLSchema-instance" xsi:noNamespaceSchemaLocation="https://maven.apache.org/surefire/maven-surefire-plugin/xsd/surefire-test-report-3.0.xsd" version="3.0" name="TestSuite" time="0.738" tests="12" errors="0" skipped="0" failures="0">
  <properties>
[...]
</properties>
  <testcase name="divide" classname="com.qa.test.CheckOperationsTest" time="0.009">
    <system-out><![CDATA[in divide
]]></system-out>
  </testcase>
  <testcase name="multi" classname="com.qa.test.CheckOperationsTest" time="0">
    <system-out><![CDATA[in multi
]]></system-out>
  </testcase>
  <testcase name="substract" classname="com.qa.test.CheckOperationsTest" time="0.002">
    <system-out><![CDATA[in substract
]]></system-out>
  </testcase>
  <testcase name="sum" classname="com.qa.test.CheckOperationsTest" time="0.001">
    <system-out><![CDATA[in add
]]></system-out>
  </testcase>
  <testcase name="divide" classname="com.qa.test.CheckOperationTest1" time="0.002">
    <system-out><![CDATA[in divide 1
]]></system-out>
  </testcase>
  <testcase name="multi" classname="com.qa.test.CheckOperationTest1" time="0.002">
    <system-out><![CDATA[in multi 1
]]></system-out>
  </testcase>
  <testcase name="substract" classname="com.qa.test.CheckOperationTest1" time="0.001">
    <system-out><![CDATA[in substract 1
]]></system-out>
  </testcase>
  <testcase name="sum" classname="com.qa.test.CheckOperationTest1" time="0.002">
    <system-out><![CDATA[in add 1
]]></system-out>
  </testcase>
  <testcase name="divide" classname="com.qa.test.CheckOperationTest2" time="0.001">
    <system-out><![CDATA[in divide 2
]]></system-out>
  </testcase>
  <testcase name="multi" classname="com.qa.test.CheckOperationTest2" time="0.002">
    <system-out><![CDATA[in multi 2
]]></system-out>
  </testcase>
  <testcase name="substract" classname="com.qa.test.CheckOperationTest2" time="0.001">
    <system-out><![CDATA[in substract 2
]]></system-out>
  </testcase>
  <testcase name="sum" classname="com.qa.test.CheckOperationTest2" time="0.001">
    <system-out><![CDATA[in add 2
]]></system-out>
  </testcase>
</testsuite>